-- Found ament_cmake: 1.3.11 (/opt/ros/humble/share/ament_cmake/cmake)
-- Override CMake install command with custom implementation using symlinks instead of copying resources
-- Found rclpy: 3.3.16 (/opt/ros/humble/share/rclpy/cmake)
-- Found nav2_msgs: 1.1.18 (/opt/ros/humble/share/nav2_msgs/cmake)
-- Found rosidl_generator_c: 3.1.6 (/opt/ros/humble/share/rosidl_generator_c/cmake)
-- Found rosidl_adapter: 3.1.6 (/opt/ros/humble/share/rosidl_adapter/cmake)
-- Found rosidl_generator_cpp: 3.1.6 (/opt/ros/humble/share/rosidl_generator_cpp/cmake)
-- Using all available rosidl_typesupport_c: rosidl_typesupport_fastrtps_c;rosidl_typesupport_introspection_c
-- Using all available rosidl_typesupport_cpp: rosidl_typesupport_fastrtps_cpp;rosidl_typesupport_introspection_cpp
-- Found ament_lint_auto: 0.12.12 (/opt/ros/humble/share/ament_lint_auto/cmake)
WARNING: Package name "2wheeldrive" does not follow the naming conventions. It should start with a lower case letter and only contain lower case letters, digits, underscores, and dashes.
-- Added test 'cppcheck' to perform static code analysis on C / C++ code
-- Configured cppcheck include dirs: 
-- Configured cppcheck exclude dirs and/or files: 
-- Added test 'flake8' to check Python code syntax and style conventions
-- Added test 'lint_cmake' to check CMake code style
-- Added test 'pep257' to check Python code against some of the docstring style conventions in PEP 257
-- Added test 'uncrustify' to check C / C++ code style
-- Configured uncrustify additional arguments: 
-- Added test 'xmllint' to check XML markup files
-- Configuring done
-- Generating done
-- Build files have been written to: /home/shriya/ros2_ws/src/2wheeldrive/build/2wheeldrive
-- Install configuration: ""
-- Execute custom install script
-- Up-to-date symlink: /home/shriya/ros2_ws/src/2wheeldrive/install/2wheeldrive/share/2wheeldrive/src/2wheeldrive.urdf
-- Up-to-date symlink: /home/shriya/ros2_ws/src/2wheeldrive/install/2wheeldrive/share/2wheeldrive/launch/display.launch.py
-- Up-to-date symlink: /home/shriya/ros2_ws/src/2wheeldrive/install/2wheeldrive/share/2wheeldrive/launch/localization.launch.py
-- Up-to-date symlink: /home/shriya/ros2_ws/src/2wheeldrive/install/2wheeldrive/share/2wheeldrive/launch/nav2_launch.py
-- Up-to-date symlink: /home/shriya/ros2_ws/src/2wheeldrive/install/2wheeldrive/share/2wheeldrive/rviz/config.rviz
[33mCMake Warning (dev) at ament_cmake_symlink_install/ament_cmake_symlink_install.cmake:62 (file):
  Policy CMP0009 is not set: FILE GLOB_RECURSE calls should not follow
  symlinks by default.  Run "cmake --help-policy CMP0009" for policy details.
  Use the cmake_policy command to set the policy and suppress this warning.
Call Stack (most recent call first):
  ament_cmake_symlink_install/ament_cmake_symlink_install.cmake:314 (ament_cmake_symlink_install_directory)
  cmake_install.cmake:46 (include)
This warning is for project developers.  Use -Wno-dev to suppress it.
[0m
-- Up-to-date symlink: /home/shriya/ros2_ws/src/2wheeldrive/install/2wheeldrive/share/2wheeldrive/config/amcl.yaml
-- Up-to-date symlink: /home/shriya/ros2_ws/src/2wheeldrive/install/2wheeldrive/share/2wheeldrive/config/build/.built_by
-- Up-to-date symlink: /home/shriya/ros2_ws/src/2wheeldrive/install/2wheeldrive/share/2wheeldrive/config/build/COLCON_IGNORE
-- Up-to-date symlink: /home/shriya/ros2_ws/src/2wheeldrive/install/2wheeldrive/share/2wheeldrive/config/ekf.yaml
-- Up-to-date symlink: /home/shriya/ros2_ws/src/2wheeldrive/install/2wheeldrive/share/2wheeldrive/config/install/.colcon_install_layout
-- Up-to-date symlink: /home/shriya/ros2_ws/src/2wheeldrive/install/2wheeldrive/share/2wheeldrive/config/install/COLCON_IGNORE
-- Up-to-date symlink: /home/shriya/ros2_ws/src/2wheeldrive/install/2wheeldrive/share/2wheeldrive/config/install/_local_setup_util_ps1.py
-- Up-to-date symlink: /home/shriya/ros2_ws/src/2wheeldrive/install/2wheeldrive/share/2wheeldrive/config/install/_local_setup_util_sh.py
-- Up-to-date symlink: /home/shriya/ros2_ws/src/2wheeldrive/install/2wheeldrive/share/2wheeldrive/config/install/local_setup.bash
-- Up-to-date symlink: /home/shriya/ros2_ws/src/2wheeldrive/install/2wheeldrive/share/2wheeldrive/config/install/local_setup.ps1
-- Up-to-date symlink: /home/shriya/ros2_ws/src/2wheeldrive/install/2wheeldrive/share/2wheeldrive/config/install/local_setup.sh
-- Up-to-date symlink: /home/shriya/ros2_ws/src/2wheeldrive/install/2wheeldrive/share/2wheeldrive/config/install/local_setup.zsh
-- Up-to-date symlink: /home/shriya/ros2_ws/src/2wheeldrive/install/2wheeldrive/share/2wheeldrive/config/install/setup.bash
-- Up-to-date symlink: /home/shriya/ros2_ws/src/2wheeldrive/install/2wheeldrive/share/2wheeldrive/config/install/setup.ps1
-- Up-to-date symlink: /home/shriya/ros2_ws/src/2wheeldrive/install/2wheeldrive/share/2wheeldrive/config/install/setup.sh
-- Up-to-date symlink: /home/shriya/ros2_ws/src/2wheeldrive/install/2wheeldrive/share/2wheeldrive/config/install/setup.zsh
-- Up-to-date symlink: /home/shriya/ros2_ws/src/2wheeldrive/install/2wheeldrive/share/2wheeldrive/config/log/COLCON_IGNORE
-- Up-to-date symlink: /home/shriya/ros2_ws/src/2wheeldrive/install/2wheeldrive/share/2wheeldrive/config/log/build_2025-05-27_11-30-01/events.log
-- Up-to-date symlink: /home/shriya/ros2_ws/src/2wheeldrive/install/2wheeldrive/share/2wheeldrive/config/log/build_2025-05-27_11-30-01/logger_all.log
-- Up-to-date symlink: /home/shriya/ros2_ws/src/2wheeldrive/install/2wheeldrive/share/2wheeldrive/config/log/build_2025-05-27_11-59-31/events.log
-- Up-to-date symlink: /home/shriya/ros2_ws/src/2wheeldrive/install/2wheeldrive/share/2wheeldrive/config/log/build_2025-05-27_11-59-31/logger_all.log
-- Up-to-date symlink: /home/shriya/ros2_ws/src/2wheeldrive/install/2wheeldrive/share/2wheeldrive/config/log/build_2025-05-27_12-01-57/events.log
-- Up-to-date symlink: /home/shriya/ros2_ws/src/2wheeldrive/install/2wheeldrive/share/2wheeldrive/config/log/build_2025-05-27_12-01-57/logger_all.log
-- Up-to-date symlink: /home/shriya/ros2_ws/src/2wheeldrive/install/2wheeldrive/share/2wheeldrive/config/log/build_2025-05-27_12-10-23/events.log
-- Up-to-date symlink: /home/shriya/ros2_ws/src/2wheeldrive/install/2wheeldrive/share/2wheeldrive/config/log/build_2025-05-27_12-10-23/logger_all.log
-- Up-to-date symlink: /home/shriya/ros2_ws/src/2wheeldrive/install/2wheeldrive/share/2wheeldrive/config/log/build_2025-05-27_12-24-30/events.log
-- Up-to-date symlink: /home/shriya/ros2_ws/src/2wheeldrive/install/2wheeldrive/share/2wheeldrive/config/log/build_2025-05-27_12-24-30/logger_all.log
-- Up-to-date symlink: /home/shriya/ros2_ws/src/2wheeldrive/install/2wheeldrive/share/2wheeldrive/config/log/build_2025-05-27_12-24-48/events.log
-- Up-to-date symlink: /home/shriya/ros2_ws/src/2wheeldrive/install/2wheeldrive/share/2wheeldrive/config/log/build_2025-05-27_12-24-48/logger_all.log
-- Up-to-date symlink: /home/shriya/ros2_ws/src/2wheeldrive/install/2wheeldrive/share/2wheeldrive/config/log/latest/events.log
-- Up-to-date symlink: /home/shriya/ros2_ws/src/2wheeldrive/install/2wheeldrive/share/2wheeldrive/config/log/latest/logger_all.log
-- Up-to-date symlink: /home/shriya/ros2_ws/src/2wheeldrive/install/2wheeldrive/share/2wheeldrive/config/log/latest_build/events.log
-- Up-to-date symlink: /home/shriya/ros2_ws/src/2wheeldrive/install/2wheeldrive/share/2wheeldrive/config/log/latest_build/logger_all.log
-- Up-to-date symlink: /home/shriya/ros2_ws/src/2wheeldrive/install/2wheeldrive/share/2wheeldrive/config/nav2_params.yaml
-- Up-to-date symlink: /home/shriya/ros2_ws/src/2wheeldrive/install/2wheeldrive/share/2wheeldrive/maps/create_test_map.py
-- Up-to-date symlink: /home/shriya/ros2_ws/src/2wheeldrive/install/2wheeldrive/share/2wheeldrive/maps/mapfinal.pgm
-- Up-to-date symlink: /home/shriya/ros2_ws/src/2wheeldrive/install/2wheeldrive/share/2wheeldrive/maps/mapfinal.yaml
-- Up-to-date symlink: /home/shriya/ros2_ws/src/2wheeldrive/install/2wheeldrive/share/2wheeldrive/maps/test_map.pgm
-- Up-to-date symlink: /home/shriya/ros2_ws/src/2wheeldrive/install/2wheeldrive/share/2wheeldrive/maps/test_map.yaml
-- Up-to-date symlink: /home/shriya/ros2_ws/src/2wheeldrive/install/2wheeldrive/share/2wheeldrive/worlds/world1.world
-- Up-to-date symlink: /home/shriya/ros2_ws/src/2wheeldrive/install/2wheeldrive/lib/2wheeldrive/send_goal.py
-- Up-to-date symlink: /home/shriya/ros2_ws/src/2wheeldrive/install/2wheeldrive/share/ament_index/resource_index/package_run_dependencies/2wheeldrive
-- Up-to-date symlink: /home/shriya/ros2_ws/src/2wheeldrive/install/2wheeldrive/share/ament_index/resource_index/parent_prefix_path/2wheeldrive
-- Up-to-date symlink: /home/shriya/ros2_ws/src/2wheeldrive/install/2wheeldrive/share/2wheeldrive/environment/ament_prefix_path.sh
-- Up-to-date symlink: /home/shriya/ros2_ws/src/2wheeldrive/install/2wheeldrive/share/2wheeldrive/environment/ament_prefix_path.dsv
-- Up-to-date symlink: /home/shriya/ros2_ws/src/2wheeldrive/install/2wheeldrive/share/2wheeldrive/environment/path.sh
-- Up-to-date symlink: /home/shriya/ros2_ws/src/2wheeldrive/install/2wheeldrive/share/2wheeldrive/environment/path.dsv
-- Up-to-date symlink: /home/shriya/ros2_ws/src/2wheeldrive/install/2wheeldrive/share/2wheeldrive/local_setup.bash
-- Up-to-date symlink: /home/shriya/ros2_ws/src/2wheeldrive/install/2wheeldrive/share/2wheeldrive/local_setup.sh
-- Up-to-date symlink: /home/shriya/ros2_ws/src/2wheeldrive/install/2wheeldrive/share/2wheeldrive/local_setup.zsh
-- Up-to-date symlink: /home/shriya/ros2_ws/src/2wheeldrive/install/2wheeldrive/share/2wheeldrive/local_setup.dsv
-- Symlinking: /home/shriya/ros2_ws/src/2wheeldrive/install/2wheeldrive/share/2wheeldrive/package.dsv
-- Up-to-date symlink: /home/shriya/ros2_ws/src/2wheeldrive/install/2wheeldrive/share/ament_index/resource_index/packages/2wheeldrive
-- Up-to-date symlink: /home/shriya/ros2_ws/src/2wheeldrive/install/2wheeldrive/share/2wheeldrive/cmake/2wheeldriveConfig.cmake
-- Up-to-date symlink: /home/shriya/ros2_ws/src/2wheeldrive/install/2wheeldrive/share/2wheeldrive/cmake/2wheeldriveConfig-version.cmake
-- Up-to-date symlink: /home/shriya/ros2_ws/src/2wheeldrive/install/2wheeldrive/share/2wheeldrive/package.xml
