[0.007s] Invoking command in '/home/shriya/ros2_ws/src/2wheeldrive/build/2wheeldrive': CMAKE_PREFIX_PATH=${CMAKE_PREFIX_PATH}:/home/shriya/ros2_ws/install/visualization_pkg:/home/shriya/ros2_ws/install/student_service_pkg:/home/shriya/ros2_ws/install/student_publisher_pkg:/home/shriya/ros2_ws/install/my_robot_description:/home/shriya/ros2_ws/install/my_robot_controller:/opt/ros/humble /usr/bin/cmake /home/shriya/ros2_ws/src/2wheeldrive -DAMENT_CMAKE_SYMLINK_INSTALL=1 -DCMAKE_INSTALL_PREFIX=/home/shriya/ros2_ws/src/2wheeldrive/install/2wheeldrive
[0.107s] -- The C compiler identification is GNU 11.4.0
[0.184s] -- The CXX compiler identification is GNU 11.4.0
[0.189s] -- Detecting C compiler ABI info
[0.261s] -- Detecting C compiler ABI info - done
[0.269s] -- Check for working C compiler: /usr/bin/cc - skipped
[0.271s] -- Detecting C compile features
[0.271s] -- Detecting C compile features - done
[0.275s] -- Detecting CXX compiler ABI info
[0.361s] -- Detecting CXX compiler ABI info - done
[0.370s] -- Check for working CXX compiler: /usr/bin/c++ - skipped
[0.370s] -- Detecting CXX compile features
[0.370s] -- Detecting CXX compile features - done
[0.374s] -- Found ament_cmake: 1.3.11 (/opt/ros/humble/share/ament_cmake/cmake)
[0.496s] -- Found Python3: /usr/bin/python3 (found version "3.10.12") found components: Interpreter 
[0.542s] -- Override CMake install command with custom implementation using symlinks instead of copying resources
[0.565s] -- Found ament_lint_auto: 0.12.12 (/opt/ros/humble/share/ament_lint_auto/cmake)
[0.602s] WARNING: Package name "2wheeldrive" does not follow the naming conventions. It should start with a lower case letter and only contain lower case letters, digits, underscores, and dashes.
[0.622s] -- Added test 'cppcheck' to perform static code analysis on C / C++ code
[0.623s] -- Configured cppcheck include dirs: 
[0.623s] -- Configured cppcheck exclude dirs and/or files: 
[0.623s] -- Added test 'flake8' to check Python code syntax and style conventions
[0.624s] -- Added test 'lint_cmake' to check CMake code style
[0.625s] -- Added test 'pep257' to check Python code against some of the docstring style conventions in PEP 257
[0.628s] -- Added test 'uncrustify' to check C / C++ code style
[0.629s] -- Configured uncrustify additional arguments: 
[0.629s] -- Added test 'xmllint' to check XML markup files
[0.630s] -- Configuring done
[0.631s] -- Generating done
[0.633s] -- Build files have been written to: /home/shriya/ros2_ws/src/2wheeldrive/build/2wheeldrive
[0.637s] Invoked command in '/home/shriya/ros2_ws/src/2wheeldrive/build/2wheeldrive' returned '0': CMAKE_PREFIX_PATH=${CMAKE_PREFIX_PATH}:/home/shriya/ros2_ws/install/visualization_pkg:/home/shriya/ros2_ws/install/student_service_pkg:/home/shriya/ros2_ws/install/student_publisher_pkg:/home/shriya/ros2_ws/install/my_robot_description:/home/shriya/ros2_ws/install/my_robot_controller:/opt/ros/humble /usr/bin/cmake /home/shriya/ros2_ws/src/2wheeldrive -DAMENT_CMAKE_SYMLINK_INSTALL=1 -DCMAKE_INSTALL_PREFIX=/home/shriya/ros2_ws/src/2wheeldrive/install/2wheeldrive
[0.637s] Invoking command in '/home/shriya/ros2_ws/src/2wheeldrive/build/2wheeldrive': CMAKE_PREFIX_PATH=${CMAKE_PREFIX_PATH}:/home/shriya/ros2_ws/install/visualization_pkg:/home/shriya/ros2_ws/install/student_service_pkg:/home/shriya/ros2_ws/install/student_publisher_pkg:/home/shriya/ros2_ws/install/my_robot_description:/home/shriya/ros2_ws/install/my_robot_controller:/opt/ros/humble /usr/bin/cmake --build /home/shriya/ros2_ws/src/2wheeldrive/build/2wheeldrive -- -j20 -l20
[0.671s] Invoked command in '/home/shriya/ros2_ws/src/2wheeldrive/build/2wheeldrive' returned '0': CMAKE_PREFIX_PATH=${CMAKE_PREFIX_PATH}:/home/shriya/ros2_ws/install/visualization_pkg:/home/shriya/ros2_ws/install/student_service_pkg:/home/shriya/ros2_ws/install/student_publisher_pkg:/home/shriya/ros2_ws/install/my_robot_description:/home/shriya/ros2_ws/install/my_robot_controller:/opt/ros/humble /usr/bin/cmake --build /home/shriya/ros2_ws/src/2wheeldrive/build/2wheeldrive -- -j20 -l20
[0.681s] Invoking command in '/home/shriya/ros2_ws/src/2wheeldrive/build/2wheeldrive': CMAKE_PREFIX_PATH=${CMAKE_PREFIX_PATH}:/home/shriya/ros2_ws/install/visualization_pkg:/home/shriya/ros2_ws/install/student_service_pkg:/home/shriya/ros2_ws/install/student_publisher_pkg:/home/shriya/ros2_ws/install/my_robot_description:/home/shriya/ros2_ws/install/my_robot_controller:/opt/ros/humble /usr/bin/cmake --install /home/shriya/ros2_ws/src/2wheeldrive/build/2wheeldrive
[0.688s] -- Install configuration: ""
[0.689s] -- Execute custom install script
[0.689s] -- Symlinking: /home/shriya/ros2_ws/src/2wheeldrive/install/2wheeldrive/share/2wheeldrive/src/2wheeldrive.urdf
[0.698s] -- Symlinking: /home/shriya/ros2_ws/src/2wheeldrive/install/2wheeldrive/share/2wheeldrive/launch/display.launch.py
[0.707s] -- Symlinking: /home/shriya/ros2_ws/src/2wheeldrive/install/2wheeldrive/share/2wheeldrive/launch/nav2_launch.py
[0.714s] -- Symlinking: /home/shriya/ros2_ws/src/2wheeldrive/install/2wheeldrive/share/2wheeldrive/rviz/config.rviz
[0.723s] [33mCMake Warning (dev) at ament_cmake_symlink_install/ament_cmake_symlink_install.cmake:62 (file):
[0.723s]   Policy CMP0009 is not set: FILE GLOB_RECURSE calls should not follow
[0.723s]   symlinks by default.  Run "cmake --help-policy CMP0009" for policy details.
[0.723s]   Use the cmake_policy command to set the policy and suppress this warning.
[0.723s] Call Stack (most recent call first):
[0.723s]   ament_cmake_symlink_install/ament_cmake_symlink_install.cmake:314 (ament_cmake_symlink_install_directory)
[0.723s]   cmake_install.cmake:46 (include)
[0.723s] This warning is for project developers.  Use -Wno-dev to suppress it.
[0.723s] [0m
[0.723s] -- Symlinking: /home/shriya/ros2_ws/src/2wheeldrive/install/2wheeldrive/share/2wheeldrive/config/build/.built_by
[0.732s] -- Symlinking: /home/shriya/ros2_ws/src/2wheeldrive/install/2wheeldrive/share/2wheeldrive/config/build/COLCON_IGNORE
[0.742s] -- Symlinking: /home/shriya/ros2_ws/src/2wheeldrive/install/2wheeldrive/share/2wheeldrive/config/ekf.yaml
[0.753s] -- Symlinking: /home/shriya/ros2_ws/src/2wheeldrive/install/2wheeldrive/share/2wheeldrive/config/install/.colcon_install_layout
[0.762s] -- Symlinking: /home/shriya/ros2_ws/src/2wheeldrive/install/2wheeldrive/share/2wheeldrive/config/install/COLCON_IGNORE
[0.773s] -- Symlinking: /home/shriya/ros2_ws/src/2wheeldrive/install/2wheeldrive/share/2wheeldrive/config/install/_local_setup_util_ps1.py
[0.784s] -- Symlinking: /home/shriya/ros2_ws/src/2wheeldrive/install/2wheeldrive/share/2wheeldrive/config/install/_local_setup_util_sh.py
[0.795s] -- Symlinking: /home/shriya/ros2_ws/src/2wheeldrive/install/2wheeldrive/share/2wheeldrive/config/install/local_setup.bash
[0.804s] -- Symlinking: /home/shriya/ros2_ws/src/2wheeldrive/install/2wheeldrive/share/2wheeldrive/config/install/local_setup.ps1
[0.814s] -- Symlinking: /home/shriya/ros2_ws/src/2wheeldrive/install/2wheeldrive/share/2wheeldrive/config/install/local_setup.sh
[0.819s] -- Symlinking: /home/shriya/ros2_ws/src/2wheeldrive/install/2wheeldrive/share/2wheeldrive/config/install/local_setup.zsh
[0.826s] -- Symlinking: /home/shriya/ros2_ws/src/2wheeldrive/install/2wheeldrive/share/2wheeldrive/config/install/setup.bash
[0.835s] -- Symlinking: /home/shriya/ros2_ws/src/2wheeldrive/install/2wheeldrive/share/2wheeldrive/config/install/setup.ps1
[0.844s] -- Symlinking: /home/shriya/ros2_ws/src/2wheeldrive/install/2wheeldrive/share/2wheeldrive/config/install/setup.sh
[0.854s] -- Symlinking: /home/shriya/ros2_ws/src/2wheeldrive/install/2wheeldrive/share/2wheeldrive/config/install/setup.zsh
[0.860s] -- Symlinking: /home/shriya/ros2_ws/src/2wheeldrive/install/2wheeldrive/share/2wheeldrive/config/log/COLCON_IGNORE
[0.866s] -- Symlinking: /home/shriya/ros2_ws/src/2wheeldrive/install/2wheeldrive/share/2wheeldrive/config/log/build_2025-05-27_11-30-01/events.log
[0.873s] -- Symlinking: /home/shriya/ros2_ws/src/2wheeldrive/install/2wheeldrive/share/2wheeldrive/config/log/build_2025-05-27_11-30-01/logger_all.log
[0.878s] -- Symlinking: /home/shriya/ros2_ws/src/2wheeldrive/install/2wheeldrive/share/2wheeldrive/config/log/build_2025-05-27_11-59-31/events.log
[0.884s] -- Symlinking: /home/shriya/ros2_ws/src/2wheeldrive/install/2wheeldrive/share/2wheeldrive/config/log/build_2025-05-27_11-59-31/logger_all.log
[0.892s] -- Symlinking: /home/shriya/ros2_ws/src/2wheeldrive/install/2wheeldrive/share/2wheeldrive/config/log/build_2025-05-27_12-01-57/events.log
[0.898s] -- Symlinking: /home/shriya/ros2_ws/src/2wheeldrive/install/2wheeldrive/share/2wheeldrive/config/log/build_2025-05-27_12-01-57/logger_all.log
[0.904s] -- Symlinking: /home/shriya/ros2_ws/src/2wheeldrive/install/2wheeldrive/share/2wheeldrive/config/log/build_2025-05-27_12-10-23/events.log
[0.913s] -- Symlinking: /home/shriya/ros2_ws/src/2wheeldrive/install/2wheeldrive/share/2wheeldrive/config/log/build_2025-05-27_12-10-23/logger_all.log
[0.920s] -- Symlinking: /home/shriya/ros2_ws/src/2wheeldrive/install/2wheeldrive/share/2wheeldrive/config/log/build_2025-05-27_12-24-30/events.log
[0.927s] -- Symlinking: /home/shriya/ros2_ws/src/2wheeldrive/install/2wheeldrive/share/2wheeldrive/config/log/build_2025-05-27_12-24-30/logger_all.log
[0.936s] -- Symlinking: /home/shriya/ros2_ws/src/2wheeldrive/install/2wheeldrive/share/2wheeldrive/config/log/build_2025-05-27_12-24-48/events.log
[0.945s] -- Symlinking: /home/shriya/ros2_ws/src/2wheeldrive/install/2wheeldrive/share/2wheeldrive/config/log/build_2025-05-27_12-24-48/logger_all.log
[0.955s] -- Symlinking: /home/shriya/ros2_ws/src/2wheeldrive/install/2wheeldrive/share/2wheeldrive/config/log/latest/events.log
[0.963s] -- Symlinking: /home/shriya/ros2_ws/src/2wheeldrive/install/2wheeldrive/share/2wheeldrive/config/log/latest/logger_all.log
[0.971s] -- Symlinking: /home/shriya/ros2_ws/src/2wheeldrive/install/2wheeldrive/share/2wheeldrive/config/log/latest_build/events.log
[0.980s] -- Symlinking: /home/shriya/ros2_ws/src/2wheeldrive/install/2wheeldrive/share/2wheeldrive/config/log/latest_build/logger_all.log
[0.988s] -- Symlinking: /home/shriya/ros2_ws/src/2wheeldrive/install/2wheeldrive/share/2wheeldrive/config/nav2_params.yaml
[0.997s] -- Symlinking: /home/shriya/ros2_ws/src/2wheeldrive/install/2wheeldrive/share/ament_index/resource_index/package_run_dependencies/2wheeldrive
[1.006s] -- Symlinking: /home/shriya/ros2_ws/src/2wheeldrive/install/2wheeldrive/share/ament_index/resource_index/parent_prefix_path/2wheeldrive
[1.016s] -- Symlinking: /home/shriya/ros2_ws/src/2wheeldrive/install/2wheeldrive/share/2wheeldrive/environment/ament_prefix_path.sh
[1.024s] -- Symlinking: /home/shriya/ros2_ws/src/2wheeldrive/install/2wheeldrive/share/2wheeldrive/environment/ament_prefix_path.dsv
[1.037s] -- Symlinking: /home/shriya/ros2_ws/src/2wheeldrive/install/2wheeldrive/share/2wheeldrive/environment/path.sh
[1.047s] -- Symlinking: /home/shriya/ros2_ws/src/2wheeldrive/install/2wheeldrive/share/2wheeldrive/environment/path.dsv
[1.055s] -- Symlinking: /home/shriya/ros2_ws/src/2wheeldrive/install/2wheeldrive/share/2wheeldrive/local_setup.bash
[1.061s] -- Symlinking: /home/shriya/ros2_ws/src/2wheeldrive/install/2wheeldrive/share/2wheeldrive/local_setup.sh
[1.069s] -- Symlinking: /home/shriya/ros2_ws/src/2wheeldrive/install/2wheeldrive/share/2wheeldrive/local_setup.zsh
[1.080s] -- Symlinking: /home/shriya/ros2_ws/src/2wheeldrive/install/2wheeldrive/share/2wheeldrive/local_setup.dsv
[1.090s] -- Symlinking: /home/shriya/ros2_ws/src/2wheeldrive/install/2wheeldrive/share/2wheeldrive/package.dsv
[1.101s] -- Symlinking: /home/shriya/ros2_ws/src/2wheeldrive/install/2wheeldrive/share/ament_index/resource_index/packages/2wheeldrive
[1.110s] -- Symlinking: /home/shriya/ros2_ws/src/2wheeldrive/install/2wheeldrive/share/2wheeldrive/cmake/2wheeldriveConfig.cmake
[1.121s] -- Symlinking: /home/shriya/ros2_ws/src/2wheeldrive/install/2wheeldrive/share/2wheeldrive/cmake/2wheeldriveConfig-version.cmake
[1.130s] -- Symlinking: /home/shriya/ros2_ws/src/2wheeldrive/install/2wheeldrive/share/2wheeldrive/package.xml
[1.144s] Invoked command in '/home/shriya/ros2_ws/src/2wheeldrive/build/2wheeldrive' returned '0': CMAKE_PREFIX_PATH=${CMAKE_PREFIX_PATH}:/home/shriya/ros2_ws/install/visualization_pkg:/home/shriya/ros2_ws/install/student_service_pkg:/home/shriya/ros2_ws/install/student_publisher_pkg:/home/shriya/ros2_ws/install/my_robot_description:/home/shriya/ros2_ws/install/my_robot_controller:/opt/ros/humble /usr/bin/cmake --install /home/shriya/ros2_ws/src/2wheeldrive/build/2wheeldrive
