[0.062s] DEBUG:colcon:Command line arguments: ['/usr/bin/colcon', 'build', '--packages-select', '2wheeldrive']
[0.062s] DEBUG:colcon:Parsed command line arguments: Namespace(log_base=None, log_level=None, verb_name='build', build_base='build', install_base='install', merge_install=False, symlink_install=False, test_result_base=None, continue_on_error=False, executor='parallel', parallel_workers=20, event_handlers=None, ignore_user_meta=False, metas=['./colcon.meta'], base_paths=['.'], packages_ignore=None, packages_ignore_regex=None, paths=None, packages_up_to=None, packages_up_to_regex=None, packages_above=None, packages_above_and_dependencies=None, packages_above_depth=None, packages_select_by_dep=None, packages_skip_by_dep=None, packages_skip_up_to=None, packages_select_build_failed=False, packages_skip_build_finished=False, packages_select_test_failures=False, packages_skip_test_passed=False, packages_select=['2wheeldrive'], packages_skip=None, packages_select_regex=None, packages_skip_regex=None, packages_start=None, packages_end=None, allow_overriding=[], cmake_args=None, cmake_target=None, cmake_target_skip_unavailable=False, cmake_clean_cache=False, cmake_clean_first=False, cmake_force_configure=False, ament_cmake_args=None, catkin_cmake_args=None, catkin_skip_building_tests=False, verb_parser=<colcon_defaults.argument_parser.defaults.DefaultArgumentsDecorator object at 0x7b140e81f9a0>, verb_extension=<colcon_core.verb.build.BuildVerb object at 0x7b140e95c160>, main=<bound method BuildVerb.main of <colcon_core.verb.build.BuildVerb object at 0x7b140e95c160>>)
[0.155s] Level 1:colcon.colcon_core.package_discovery:discover_packages(colcon_meta) check parameters
[0.155s] Level 1:colcon.colcon_core.package_discovery:discover_packages(recursive) check parameters
[0.155s] Level 1:colcon.colcon_core.package_discovery:discover_packages(ignore) check parameters
[0.155s] Level 1:colcon.colcon_core.package_discovery:discover_packages(path) check parameters
[0.155s] Level 1:colcon.colcon_core.package_discovery:discover_packages(colcon_meta) discover
[0.155s] Level 1:colcon.colcon_core.package_discovery:discover_packages(recursive) discover
[0.155s] INFO:colcon.colcon_core.package_discovery:Crawling recursively for packages in '/home/shriya/ros2_ws/src/2wheeldrive'
[0.155s] Level 1:colcon.colcon_core.package_identification:_identify(.) by extensions ['ignore', 'ignore_ament_install']
[0.155s] Level 1:colcon.colcon_core.package_identification:_identify(.) by extension 'ignore'
[0.155s] Level 1:colcon.colcon_core.package_identification:_identify(.) by extension 'ignore_ament_install'
[0.156s] Level 1:colcon.colcon_core.package_identification:_identify(.) by extensions ['colcon_pkg']
[0.156s] Level 1:colcon.colcon_core.package_identification:_identify(.) by extension 'colcon_pkg'
[0.156s] Level 1:colcon.colcon_core.package_identification:_identify(.) by extensions ['colcon_meta']
[0.156s] Level 1:colcon.colcon_core.package_identification:_identify(.) by extension 'colcon_meta'
[0.156s] Level 1:colcon.colcon_core.package_identification:_identify(.) by extensions ['ros']
[0.156s] Level 1:colcon.colcon_core.package_identification:_identify(.) by extension 'ros'
[0.164s] DEBUG:colcon.colcon_core.package_identification:Package '.' with type 'ros.ament_cmake' and name '2wheeldrive'
[0.164s] Level 1:colcon.colcon_core.package_discovery:discover_packages(recursive) using defaults
[0.164s] Level 1:colcon.colcon_core.package_discovery:discover_packages(ignore) discover
[0.164s] Level 1:colcon.colcon_core.package_discovery:discover_packages(ignore) using defaults
[0.164s] Level 1:colcon.colcon_core.package_discovery:discover_packages(path) discover
[0.164s] Level 1:colcon.colcon_core.package_discovery:discover_packages(path) using defaults
[0.177s] Level 1:colcon.colcon_core.package_discovery:discover_packages(prefix_path) check parameters
[0.177s] Level 1:colcon.colcon_core.package_discovery:discover_packages(prefix_path) discover
[0.179s] DEBUG:colcon.colcon_installed_package_information.package_discovery:Found 1 installed packages in /home/shriya/ros2_ws/install
[0.180s] DEBUG:colcon.colcon_installed_package_information.package_discovery:Found 1 installed packages in /home/shriya/ros2_ws/src/2wheeldrive/install
[0.181s] DEBUG:colcon.colcon_installed_package_information.package_discovery:Found 369 installed packages in /opt/ros/humble
[0.187s] Level 1:colcon.colcon_core.package_discovery:discover_packages(prefix_path) using defaults
[0.215s] Level 5:colcon.colcon_core.verb:set package '2wheeldrive' build argument 'cmake_args' from command line to 'None'
[0.215s] Level 5:colcon.colcon_core.verb:set package '2wheeldrive' build argument 'cmake_target' from command line to 'None'
[0.215s] Level 5:colcon.colcon_core.verb:set package '2wheeldrive' build argument 'cmake_target_skip_unavailable' from command line to 'False'
[0.215s] Level 5:colcon.colcon_core.verb:set package '2wheeldrive' build argument 'cmake_clean_cache' from command line to 'False'
[0.215s] Level 5:colcon.colcon_core.verb:set package '2wheeldrive' build argument 'cmake_clean_first' from command line to 'False'
[0.215s] Level 5:colcon.colcon_core.verb:set package '2wheeldrive' build argument 'cmake_force_configure' from command line to 'False'
[0.215s] Level 5:colcon.colcon_core.verb:set package '2wheeldrive' build argument 'ament_cmake_args' from command line to 'None'
[0.215s] Level 5:colcon.colcon_core.verb:set package '2wheeldrive' build argument 'catkin_cmake_args' from command line to 'None'
[0.215s] Level 5:colcon.colcon_core.verb:set package '2wheeldrive' build argument 'catkin_skip_building_tests' from command line to 'False'
[0.215s] DEBUG:colcon.colcon_core.verb:Building package '2wheeldrive' with the following arguments: {'ament_cmake_args': None, 'build_base': '/home/shriya/ros2_ws/src/2wheeldrive/build/2wheeldrive', 'catkin_cmake_args': None, 'catkin_skip_building_tests': False, 'cmake_args': None, 'cmake_clean_cache': False, 'cmake_clean_first': False, 'cmake_force_configure': False, 'cmake_target': None, 'cmake_target_skip_unavailable': False, 'install_base': '/home/shriya/ros2_ws/src/2wheeldrive/install/2wheeldrive', 'merge_install': False, 'path': '/home/shriya/ros2_ws/src/2wheeldrive', 'symlink_install': False, 'test_result_base': None}
[0.215s] INFO:colcon.colcon_core.executor:Executing jobs using 'parallel' executor
[0.216s] DEBUG:colcon.colcon_parallel_executor.executor.parallel:run_until_complete
[0.216s] INFO:colcon.colcon_ros.task.ament_cmake.build:Building ROS package in '/home/shriya/ros2_ws/src/2wheeldrive' with build type 'ament_cmake'
[0.217s] INFO:colcon.colcon_cmake.task.cmake.build:Building CMake package in '/home/shriya/ros2_ws/src/2wheeldrive'
[0.218s] INFO:colcon.colcon_core.plugin_system:Skipping extension 'colcon_core.shell.bat': Not used on non-Windows systems
[0.219s] INFO:colcon.colcon_core.shell:Skip shell extension 'powershell' for command environment: Not usable outside of PowerShell
[0.219s] DEBUG:colcon.colcon_core.shell:Skip shell extension 'dsv' for command environment
[0.225s] DEBUG:colcon.colcon_core.event_handler.log_command:Invoking command in '/home/shriya/ros2_ws/src/2wheeldrive/build/2wheeldrive': CMAKE_PREFIX_PATH=${CMAKE_PREFIX_PATH}:/opt/ros/humble /usr/bin/cmake /home/shriya/ros2_ws/src/2wheeldrive -DCMAKE_INSTALL_PREFIX=/home/shriya/ros2_ws/src/2wheeldrive/install/2wheeldrive
[0.609s] DEBUG:colcon.colcon_core.event_handler.log_command:Invoked command in '/home/shriya/ros2_ws/src/2wheeldrive/build/2wheeldrive' returned '0': CMAKE_PREFIX_PATH=${CMAKE_PREFIX_PATH}:/opt/ros/humble /usr/bin/cmake /home/shriya/ros2_ws/src/2wheeldrive -DCMAKE_INSTALL_PREFIX=/home/shriya/ros2_ws/src/2wheeldrive/install/2wheeldrive
[0.610s] DEBUG:colcon.colcon_core.event_handler.log_command:Invoking command in '/home/shriya/ros2_ws/src/2wheeldrive/build/2wheeldrive': CMAKE_PREFIX_PATH=${CMAKE_PREFIX_PATH}:/opt/ros/humble /usr/bin/cmake --build /home/shriya/ros2_ws/src/2wheeldrive/build/2wheeldrive -- -j20 -l20
[0.647s] DEBUG:colcon.colcon_core.event_handler.log_command:Invoked command in '/home/shriya/ros2_ws/src/2wheeldrive/build/2wheeldrive' returned '0': CMAKE_PREFIX_PATH=${CMAKE_PREFIX_PATH}:/opt/ros/humble /usr/bin/cmake --build /home/shriya/ros2_ws/src/2wheeldrive/build/2wheeldrive -- -j20 -l20
[0.657s] DEBUG:colcon.colcon_core.event_handler.log_command:Invoking command in '/home/shriya/ros2_ws/src/2wheeldrive/build/2wheeldrive': CMAKE_PREFIX_PATH=${CMAKE_PREFIX_PATH}:/opt/ros/humble /usr/bin/cmake --install /home/shriya/ros2_ws/src/2wheeldrive/build/2wheeldrive
[0.677s] Level 1:colcon.colcon_core.environment:create_environment_scripts_only(2wheeldrive)
[0.677s] DEBUG:colcon.colcon_core.event_handler.log_command:Invoked command in '/home/shriya/ros2_ws/src/2wheeldrive/build/2wheeldrive' returned '0': CMAKE_PREFIX_PATH=${CMAKE_PREFIX_PATH}:/opt/ros/humble /usr/bin/cmake --install /home/shriya/ros2_ws/src/2wheeldrive/build/2wheeldrive
[0.682s] Level 1:colcon.colcon_core.environment:checking '/home/shriya/ros2_ws/src/2wheeldrive/install/2wheeldrive' for CMake module files
[0.682s] Level 1:colcon.colcon_core.environment:checking '/home/shriya/ros2_ws/src/2wheeldrive/install/2wheeldrive' for CMake config files
[0.682s] Level 1:colcon.colcon_core.shell:create_environment_hook('2wheeldrive', 'cmake_prefix_path')
[0.682s] INFO:colcon.colcon_core.shell:Creating environment hook '/home/shriya/ros2_ws/src/2wheeldrive/install/2wheeldrive/share/2wheeldrive/hook/cmake_prefix_path.ps1'
[0.683s] INFO:colcon.colcon_core.shell:Creating environment descriptor '/home/shriya/ros2_ws/src/2wheeldrive/install/2wheeldrive/share/2wheeldrive/hook/cmake_prefix_path.dsv'
[0.683s] INFO:colcon.colcon_core.shell:Creating environment hook '/home/shriya/ros2_ws/src/2wheeldrive/install/2wheeldrive/share/2wheeldrive/hook/cmake_prefix_path.sh'
[0.684s] Level 1:colcon.colcon_core.environment:checking '/home/shriya/ros2_ws/src/2wheeldrive/install/2wheeldrive/lib'
[0.684s] Level 1:colcon.colcon_core.environment:checking '/home/shriya/ros2_ws/src/2wheeldrive/install/2wheeldrive/bin'
[0.684s] Level 1:colcon.colcon_core.environment:checking '/home/shriya/ros2_ws/src/2wheeldrive/install/2wheeldrive/lib/pkgconfig/2wheeldrive.pc'
[0.684s] Level 1:colcon.colcon_core.environment:checking '/home/shriya/ros2_ws/src/2wheeldrive/install/2wheeldrive/lib/python3.10/site-packages'
[0.684s] Level 1:colcon.colcon_core.environment:checking '/home/shriya/ros2_ws/src/2wheeldrive/install/2wheeldrive/bin'
[0.685s] INFO:colcon.colcon_core.shell:Creating package script '/home/shriya/ros2_ws/src/2wheeldrive/install/2wheeldrive/share/2wheeldrive/package.ps1'
[0.685s] INFO:colcon.colcon_core.shell:Creating package descriptor '/home/shriya/ros2_ws/src/2wheeldrive/install/2wheeldrive/share/2wheeldrive/package.dsv'
[0.686s] INFO:colcon.colcon_core.shell:Creating package script '/home/shriya/ros2_ws/src/2wheeldrive/install/2wheeldrive/share/2wheeldrive/package.sh'
[0.686s] INFO:colcon.colcon_core.shell:Creating package script '/home/shriya/ros2_ws/src/2wheeldrive/install/2wheeldrive/share/2wheeldrive/package.bash'
[0.687s] INFO:colcon.colcon_core.shell:Creating package script '/home/shriya/ros2_ws/src/2wheeldrive/install/2wheeldrive/share/2wheeldrive/package.zsh'
[0.687s] Level 1:colcon.colcon_core.environment:create_file_with_runtime_dependencies(/home/shriya/ros2_ws/src/2wheeldrive/install/2wheeldrive/share/colcon-core/packages/2wheeldrive)
[0.688s] Level 1:colcon.colcon_core.environment:create_environment_scripts_only(2wheeldrive)
[0.688s] Level 1:colcon.colcon_core.environment:checking '/home/shriya/ros2_ws/src/2wheeldrive/install/2wheeldrive' for CMake module files
[0.688s] Level 1:colcon.colcon_core.environment:checking '/home/shriya/ros2_ws/src/2wheeldrive/install/2wheeldrive' for CMake config files
[0.688s] Level 1:colcon.colcon_core.shell:create_environment_hook('2wheeldrive', 'cmake_prefix_path')
[0.688s] INFO:colcon.colcon_core.shell:Creating environment hook '/home/shriya/ros2_ws/src/2wheeldrive/install/2wheeldrive/share/2wheeldrive/hook/cmake_prefix_path.ps1'
[0.688s] INFO:colcon.colcon_core.shell:Creating environment descriptor '/home/shriya/ros2_ws/src/2wheeldrive/install/2wheeldrive/share/2wheeldrive/hook/cmake_prefix_path.dsv'
[0.689s] INFO:colcon.colcon_core.shell:Creating environment hook '/home/shriya/ros2_ws/src/2wheeldrive/install/2wheeldrive/share/2wheeldrive/hook/cmake_prefix_path.sh'
[0.689s] Level 1:colcon.colcon_core.environment:checking '/home/shriya/ros2_ws/src/2wheeldrive/install/2wheeldrive/lib'
[0.689s] Level 1:colcon.colcon_core.environment:checking '/home/shriya/ros2_ws/src/2wheeldrive/install/2wheeldrive/bin'
[0.689s] Level 1:colcon.colcon_core.environment:checking '/home/shriya/ros2_ws/src/2wheeldrive/install/2wheeldrive/lib/pkgconfig/2wheeldrive.pc'
[0.689s] Level 1:colcon.colcon_core.environment:checking '/home/shriya/ros2_ws/src/2wheeldrive/install/2wheeldrive/lib/python3.10/site-packages'
[0.689s] Level 1:colcon.colcon_core.environment:checking '/home/shriya/ros2_ws/src/2wheeldrive/install/2wheeldrive/bin'
[0.689s] INFO:colcon.colcon_core.shell:Creating package script '/home/shriya/ros2_ws/src/2wheeldrive/install/2wheeldrive/share/2wheeldrive/package.ps1'
[0.690s] INFO:colcon.colcon_core.shell:Creating package descriptor '/home/shriya/ros2_ws/src/2wheeldrive/install/2wheeldrive/share/2wheeldrive/package.dsv'
[0.690s] INFO:colcon.colcon_core.shell:Creating package script '/home/shriya/ros2_ws/src/2wheeldrive/install/2wheeldrive/share/2wheeldrive/package.sh'
[0.690s] INFO:colcon.colcon_core.shell:Creating package script '/home/shriya/ros2_ws/src/2wheeldrive/install/2wheeldrive/share/2wheeldrive/package.bash'
[0.690s] INFO:colcon.colcon_core.shell:Creating package script '/home/shriya/ros2_ws/src/2wheeldrive/install/2wheeldrive/share/2wheeldrive/package.zsh'
[0.691s] Level 1:colcon.colcon_core.environment:create_file_with_runtime_dependencies(/home/shriya/ros2_ws/src/2wheeldrive/install/2wheeldrive/share/colcon-core/packages/2wheeldrive)
[0.691s] DEBUG:colcon.colcon_parallel_executor.executor.parallel:closing loop
[0.691s] DEBUG:colcon.colcon_parallel_executor.executor.parallel:loop closed
[0.691s] DEBUG:colcon.colcon_parallel_executor.executor.parallel:run_until_complete finished with '0'
[0.691s] DEBUG:colcon.colcon_core.event_reactor:joining thread
[0.694s] INFO:colcon.colcon_core.plugin_system:Skipping extension 'colcon_notification.desktop_notification.terminal_notifier': Not used on non-Darwin systems
[0.694s] INFO:colcon.colcon_core.plugin_system:Skipping extension 'colcon_notification.desktop_notification.win32': Not used on non-Windows systems
[0.694s] INFO:colcon.colcon_notification.desktop_notification:Sending desktop notification using 'notify2'
[0.708s] DEBUG:colcon.colcon_core.event_reactor:joined thread
[0.708s] INFO:colcon.colcon_core.shell:Creating prefix script '/home/shriya/ros2_ws/src/2wheeldrive/install/local_setup.ps1'
[0.709s] INFO:colcon.colcon_core.shell:Creating prefix util module '/home/shriya/ros2_ws/src/2wheeldrive/install/_local_setup_util_ps1.py'
[0.710s] INFO:colcon.colcon_core.shell:Creating prefix chain script '/home/shriya/ros2_ws/src/2wheeldrive/install/setup.ps1'
[0.711s] INFO:colcon.colcon_core.shell:Creating prefix script '/home/shriya/ros2_ws/src/2wheeldrive/install/local_setup.sh'
[0.711s] INFO:colcon.colcon_core.shell:Creating prefix util module '/home/shriya/ros2_ws/src/2wheeldrive/install/_local_setup_util_sh.py'
[0.711s] INFO:colcon.colcon_core.shell:Creating prefix chain script '/home/shriya/ros2_ws/src/2wheeldrive/install/setup.sh'
[0.712s] INFO:colcon.colcon_core.shell:Creating prefix script '/home/shriya/ros2_ws/src/2wheeldrive/install/local_setup.bash'
[0.712s] INFO:colcon.colcon_core.shell:Creating prefix chain script '/home/shriya/ros2_ws/src/2wheeldrive/install/setup.bash'
[0.713s] INFO:colcon.colcon_core.shell:Creating prefix script '/home/shriya/ros2_ws/src/2wheeldrive/install/local_setup.zsh'
[0.713s] INFO:colcon.colcon_core.shell:Creating prefix chain script '/home/shriya/ros2_ws/src/2wheeldrive/install/setup.zsh'
