[0.064s] DEBUG:colcon:Command line arguments: ['/usr/bin/colcon', 'build', '--packages-select', '2wheeldrive', '--symlink-install']
[0.064s] DEBUG:colcon:Parsed command line arguments: Namespace(log_base=None, log_level=None, verb_name='build', build_base='build', install_base='install', merge_install=False, symlink_install=True, test_result_base=None, continue_on_error=False, executor='parallel', parallel_workers=20, event_handlers=None, ignore_user_meta=False, metas=['./colcon.meta'], base_paths=['.'], packages_ignore=None, packages_ignore_regex=None, paths=None, packages_up_to=None, packages_up_to_regex=None, packages_above=None, packages_above_and_dependencies=None, packages_above_depth=None, packages_select_by_dep=None, packages_skip_by_dep=None, packages_skip_up_to=None, packages_select_build_failed=False, packages_skip_build_finished=False, packages_select_test_failures=False, packages_skip_test_passed=False, packages_select=['2wheeldrive'], packages_skip=None, packages_select_regex=None, packages_skip_regex=None, packages_start=None, packages_end=None, allow_overriding=[], cmake_args=None, cmake_target=None, cmake_target_skip_unavailable=False, cmake_clean_cache=False, cmake_clean_first=False, cmake_force_configure=False, ament_cmake_args=None, catkin_cmake_args=None, catkin_skip_building_tests=False, verb_parser=<colcon_defaults.argument_parser.defaults.DefaultArgumentsDecorator object at 0x765b14e51480>, verb_extension=<colcon_core.verb.build.BuildVerb object at 0x765b14f52920>, main=<bound method BuildVerb.main of <colcon_core.verb.build.BuildVerb object at 0x765b14f52920>>)
[0.158s] Level 1:colcon.colcon_core.package_discovery:discover_packages(colcon_meta) check parameters
[0.158s] Level 1:colcon.colcon_core.package_discovery:discover_packages(recursive) check parameters
[0.158s] Level 1:colcon.colcon_core.package_discovery:discover_packages(ignore) check parameters
[0.158s] Level 1:colcon.colcon_core.package_discovery:discover_packages(path) check parameters
[0.158s] Level 1:colcon.colcon_core.package_discovery:discover_packages(colcon_meta) discover
[0.158s] Level 1:colcon.colcon_core.package_discovery:discover_packages(recursive) discover
[0.158s] INFO:colcon.colcon_core.package_discovery:Crawling recursively for packages in '/home/shriya/ros2_ws/src/2wheeldrive'
[0.158s] Level 1:colcon.colcon_core.package_identification:_identify(.) by extensions ['ignore', 'ignore_ament_install']
[0.158s] Level 1:colcon.colcon_core.package_identification:_identify(.) by extension 'ignore'
[0.158s] Level 1:colcon.colcon_core.package_identification:_identify(.) by extension 'ignore_ament_install'
[0.158s] Level 1:colcon.colcon_core.package_identification:_identify(.) by extensions ['colcon_pkg']
[0.158s] Level 1:colcon.colcon_core.package_identification:_identify(.) by extension 'colcon_pkg'
[0.158s] Level 1:colcon.colcon_core.package_identification:_identify(.) by extensions ['colcon_meta']
[0.158s] Level 1:colcon.colcon_core.package_identification:_identify(.) by extension 'colcon_meta'
[0.158s] Level 1:colcon.colcon_core.package_identification:_identify(.) by extensions ['ros']
[0.158s] Level 1:colcon.colcon_core.package_identification:_identify(.) by extension 'ros'
[0.167s] DEBUG:colcon.colcon_core.package_identification:Package '.' with type 'ros.ament_cmake' and name '2wheeldrive'
[0.167s] Level 1:colcon.colcon_core.package_discovery:discover_packages(recursive) using defaults
[0.167s] Level 1:colcon.colcon_core.package_discovery:discover_packages(ignore) discover
[0.167s] Level 1:colcon.colcon_core.package_discovery:discover_packages(ignore) using defaults
[0.167s] Level 1:colcon.colcon_core.package_discovery:discover_packages(path) discover
[0.167s] Level 1:colcon.colcon_core.package_discovery:discover_packages(path) using defaults
[0.180s] Level 1:colcon.colcon_core.package_discovery:discover_packages(prefix_path) check parameters
[0.180s] Level 1:colcon.colcon_core.package_discovery:discover_packages(prefix_path) discover
[0.181s] WARNING:colcon.colcon_ros.prefix_path.ament:The path '/home/shriya/ros2_ws/src/2wheeldrive/install/2wheeldrive' in the environment variable AMENT_PREFIX_PATH doesn't exist
[0.181s] WARNING:colcon.colcon_ros.prefix_path.catkin:The path '/home/shriya/ros2_ws/src/2wheeldrive/install/2wheeldrive' in the environment variable CMAKE_PREFIX_PATH doesn't exist
[0.181s] DEBUG:colcon.colcon_installed_package_information.package_discovery:Found 0 installed packages in /home/shriya/ros2_ws/src/2wheeldrive/install
[0.182s] DEBUG:colcon.colcon_installed_package_information.package_discovery:Found 16 installed packages in /home/shriya/ros2_ws/install
[0.183s] DEBUG:colcon.colcon_installed_package_information.package_discovery:Found 367 installed packages in /opt/ros/humble
[0.189s] Level 1:colcon.colcon_core.package_discovery:discover_packages(prefix_path) using defaults
[0.216s] Level 5:colcon.colcon_core.verb:set package '2wheeldrive' build argument 'cmake_args' from command line to 'None'
[0.216s] Level 5:colcon.colcon_core.verb:set package '2wheeldrive' build argument 'cmake_target' from command line to 'None'
[0.216s] Level 5:colcon.colcon_core.verb:set package '2wheeldrive' build argument 'cmake_target_skip_unavailable' from command line to 'False'
[0.216s] Level 5:colcon.colcon_core.verb:set package '2wheeldrive' build argument 'cmake_clean_cache' from command line to 'False'
[0.216s] Level 5:colcon.colcon_core.verb:set package '2wheeldrive' build argument 'cmake_clean_first' from command line to 'False'
[0.216s] Level 5:colcon.colcon_core.verb:set package '2wheeldrive' build argument 'cmake_force_configure' from command line to 'False'
[0.216s] Level 5:colcon.colcon_core.verb:set package '2wheeldrive' build argument 'ament_cmake_args' from command line to 'None'
[0.216s] Level 5:colcon.colcon_core.verb:set package '2wheeldrive' build argument 'catkin_cmake_args' from command line to 'None'
[0.216s] Level 5:colcon.colcon_core.verb:set package '2wheeldrive' build argument 'catkin_skip_building_tests' from command line to 'False'
[0.216s] DEBUG:colcon.colcon_core.verb:Building package '2wheeldrive' with the following arguments: {'ament_cmake_args': None, 'build_base': '/home/shriya/ros2_ws/src/2wheeldrive/build/2wheeldrive', 'catkin_cmake_args': None, 'catkin_skip_building_tests': False, 'cmake_args': None, 'cmake_clean_cache': False, 'cmake_clean_first': False, 'cmake_force_configure': False, 'cmake_target': None, 'cmake_target_skip_unavailable': False, 'install_base': '/home/shriya/ros2_ws/src/2wheeldrive/install/2wheeldrive', 'merge_install': False, 'path': '/home/shriya/ros2_ws/src/2wheeldrive', 'symlink_install': True, 'test_result_base': None}
[0.216s] INFO:colcon.colcon_core.executor:Executing jobs using 'parallel' executor
[0.217s] DEBUG:colcon.colcon_parallel_executor.executor.parallel:run_until_complete
[0.217s] INFO:colcon.colcon_ros.task.ament_cmake.build:Building ROS package in '/home/shriya/ros2_ws/src/2wheeldrive' with build type 'ament_cmake'
[0.217s] INFO:colcon.colcon_cmake.task.cmake.build:Building CMake package in '/home/shriya/ros2_ws/src/2wheeldrive'
[0.219s] INFO:colcon.colcon_core.plugin_system:Skipping extension 'colcon_core.shell.bat': Not used on non-Windows systems
[0.219s] INFO:colcon.colcon_core.shell:Skip shell extension 'powershell' for command environment: Not usable outside of PowerShell
[0.219s] DEBUG:colcon.colcon_core.shell:Skip shell extension 'dsv' for command environment
[0.225s] DEBUG:colcon.colcon_core.event_handler.log_command:Invoking command in '/home/shriya/ros2_ws/src/2wheeldrive/build/2wheeldrive': CMAKE_PREFIX_PATH=${CMAKE_PREFIX_PATH}:/home/shriya/ros2_ws/install/visualization_pkg:/home/shriya/ros2_ws/install/student_service_pkg:/home/shriya/ros2_ws/install/student_publisher_pkg:/home/shriya/ros2_ws/install/my_robot_description:/home/shriya/ros2_ws/install/my_robot_controller:/opt/ros/humble /usr/bin/cmake /home/shriya/ros2_ws/src/2wheeldrive -DAMENT_CMAKE_SYMLINK_INSTALL=1 -DCMAKE_INSTALL_PREFIX=/home/shriya/ros2_ws/src/2wheeldrive/install/2wheeldrive
[0.854s] DEBUG:colcon.colcon_core.event_handler.log_command:Invoked command in '/home/shriya/ros2_ws/src/2wheeldrive/build/2wheeldrive' returned '0': CMAKE_PREFIX_PATH=${CMAKE_PREFIX_PATH}:/home/shriya/ros2_ws/install/visualization_pkg:/home/shriya/ros2_ws/install/student_service_pkg:/home/shriya/ros2_ws/install/student_publisher_pkg:/home/shriya/ros2_ws/install/my_robot_description:/home/shriya/ros2_ws/install/my_robot_controller:/opt/ros/humble /usr/bin/cmake /home/shriya/ros2_ws/src/2wheeldrive -DAMENT_CMAKE_SYMLINK_INSTALL=1 -DCMAKE_INSTALL_PREFIX=/home/shriya/ros2_ws/src/2wheeldrive/install/2wheeldrive
[0.855s] DEBUG:colcon.colcon_core.event_handler.log_command:Invoking command in '/home/shriya/ros2_ws/src/2wheeldrive/build/2wheeldrive': CMAKE_PREFIX_PATH=${CMAKE_PREFIX_PATH}:/home/shriya/ros2_ws/install/visualization_pkg:/home/shriya/ros2_ws/install/student_service_pkg:/home/shriya/ros2_ws/install/student_publisher_pkg:/home/shriya/ros2_ws/install/my_robot_description:/home/shriya/ros2_ws/install/my_robot_controller:/opt/ros/humble /usr/bin/cmake --build /home/shriya/ros2_ws/src/2wheeldrive/build/2wheeldrive -- -j20 -l20
[0.888s] DEBUG:colcon.colcon_core.event_handler.log_command:Invoked command in '/home/shriya/ros2_ws/src/2wheeldrive/build/2wheeldrive' returned '0': CMAKE_PREFIX_PATH=${CMAKE_PREFIX_PATH}:/home/shriya/ros2_ws/install/visualization_pkg:/home/shriya/ros2_ws/install/student_service_pkg:/home/shriya/ros2_ws/install/student_publisher_pkg:/home/shriya/ros2_ws/install/my_robot_description:/home/shriya/ros2_ws/install/my_robot_controller:/opt/ros/humble /usr/bin/cmake --build /home/shriya/ros2_ws/src/2wheeldrive/build/2wheeldrive -- -j20 -l20
[0.899s] DEBUG:colcon.colcon_core.event_handler.log_command:Invoking command in '/home/shriya/ros2_ws/src/2wheeldrive/build/2wheeldrive': CMAKE_PREFIX_PATH=${CMAKE_PREFIX_PATH}:/home/shriya/ros2_ws/install/visualization_pkg:/home/shriya/ros2_ws/install/student_service_pkg:/home/shriya/ros2_ws/install/student_publisher_pkg:/home/shriya/ros2_ws/install/my_robot_description:/home/shriya/ros2_ws/install/my_robot_controller:/opt/ros/humble /usr/bin/cmake --install /home/shriya/ros2_ws/src/2wheeldrive/build/2wheeldrive
[1.361s] Level 1:colcon.colcon_core.environment:create_environment_scripts_only(2wheeldrive)
[1.361s] DEBUG:colcon.colcon_core.event_handler.log_command:Invoked command in '/home/shriya/ros2_ws/src/2wheeldrive/build/2wheeldrive' returned '0': CMAKE_PREFIX_PATH=${CMAKE_PREFIX_PATH}:/home/shriya/ros2_ws/install/visualization_pkg:/home/shriya/ros2_ws/install/student_service_pkg:/home/shriya/ros2_ws/install/student_publisher_pkg:/home/shriya/ros2_ws/install/my_robot_description:/home/shriya/ros2_ws/install/my_robot_controller:/opt/ros/humble /usr/bin/cmake --install /home/shriya/ros2_ws/src/2wheeldrive/build/2wheeldrive
[1.364s] Level 1:colcon.colcon_core.environment:checking '/home/shriya/ros2_ws/src/2wheeldrive/install/2wheeldrive' for CMake module files
[1.365s] Level 1:colcon.colcon_core.environment:checking '/home/shriya/ros2_ws/src/2wheeldrive/install/2wheeldrive' for CMake config files
[1.365s] Level 1:colcon.colcon_core.shell:create_environment_hook('2wheeldrive', 'cmake_prefix_path')
[1.365s] INFO:colcon.colcon_core.shell:Creating environment hook '/home/shriya/ros2_ws/src/2wheeldrive/install/2wheeldrive/share/2wheeldrive/hook/cmake_prefix_path.ps1'
[1.366s] INFO:colcon.colcon_core.shell:Creating environment descriptor '/home/shriya/ros2_ws/src/2wheeldrive/install/2wheeldrive/share/2wheeldrive/hook/cmake_prefix_path.dsv'
[1.366s] INFO:colcon.colcon_core.shell:Creating environment hook '/home/shriya/ros2_ws/src/2wheeldrive/install/2wheeldrive/share/2wheeldrive/hook/cmake_prefix_path.sh'
[1.367s] Level 1:colcon.colcon_core.environment:checking '/home/shriya/ros2_ws/src/2wheeldrive/install/2wheeldrive/bin'
[1.367s] Level 1:colcon.colcon_core.environment:checking '/home/shriya/ros2_ws/src/2wheeldrive/install/2wheeldrive/lib/pkgconfig/2wheeldrive.pc'
[1.368s] Level 1:colcon.colcon_core.environment:checking '/home/shriya/ros2_ws/src/2wheeldrive/install/2wheeldrive/lib/python3.10/site-packages'
[1.368s] Level 1:colcon.colcon_core.environment:checking '/home/shriya/ros2_ws/src/2wheeldrive/install/2wheeldrive/bin'
[1.368s] INFO:colcon.colcon_core.shell:Creating package script '/home/shriya/ros2_ws/src/2wheeldrive/install/2wheeldrive/share/2wheeldrive/package.ps1'
[1.369s] INFO:colcon.colcon_core.shell:Creating package descriptor '/home/shriya/ros2_ws/src/2wheeldrive/install/2wheeldrive/share/2wheeldrive/package.dsv'
[1.370s] INFO:colcon.colcon_core.shell:Creating package script '/home/shriya/ros2_ws/src/2wheeldrive/install/2wheeldrive/share/2wheeldrive/package.sh'
[1.370s] INFO:colcon.colcon_core.shell:Creating package script '/home/shriya/ros2_ws/src/2wheeldrive/install/2wheeldrive/share/2wheeldrive/package.bash'
[1.371s] INFO:colcon.colcon_core.shell:Creating package script '/home/shriya/ros2_ws/src/2wheeldrive/install/2wheeldrive/share/2wheeldrive/package.zsh'
[1.372s] Level 1:colcon.colcon_core.environment:create_file_with_runtime_dependencies(/home/shriya/ros2_ws/src/2wheeldrive/install/2wheeldrive/share/colcon-core/packages/2wheeldrive)
[1.372s] Level 1:colcon.colcon_core.environment:create_environment_scripts_only(2wheeldrive)
[1.373s] Level 1:colcon.colcon_core.environment:checking '/home/shriya/ros2_ws/src/2wheeldrive/install/2wheeldrive' for CMake module files
[1.373s] Level 1:colcon.colcon_core.environment:checking '/home/shriya/ros2_ws/src/2wheeldrive/install/2wheeldrive' for CMake config files
[1.373s] Level 1:colcon.colcon_core.shell:create_environment_hook('2wheeldrive', 'cmake_prefix_path')
[1.373s] INFO:colcon.colcon_core.shell:Creating environment hook '/home/shriya/ros2_ws/src/2wheeldrive/install/2wheeldrive/share/2wheeldrive/hook/cmake_prefix_path.ps1'
[1.374s] INFO:colcon.colcon_core.shell:Creating environment descriptor '/home/shriya/ros2_ws/src/2wheeldrive/install/2wheeldrive/share/2wheeldrive/hook/cmake_prefix_path.dsv'
[1.374s] INFO:colcon.colcon_core.shell:Creating environment hook '/home/shriya/ros2_ws/src/2wheeldrive/install/2wheeldrive/share/2wheeldrive/hook/cmake_prefix_path.sh'
[1.375s] Level 1:colcon.colcon_core.environment:checking '/home/shriya/ros2_ws/src/2wheeldrive/install/2wheeldrive/bin'
[1.375s] Level 1:colcon.colcon_core.environment:checking '/home/shriya/ros2_ws/src/2wheeldrive/install/2wheeldrive/lib/pkgconfig/2wheeldrive.pc'
[1.375s] Level 1:colcon.colcon_core.environment:checking '/home/shriya/ros2_ws/src/2wheeldrive/install/2wheeldrive/lib/python3.10/site-packages'
[1.375s] Level 1:colcon.colcon_core.environment:checking '/home/shriya/ros2_ws/src/2wheeldrive/install/2wheeldrive/bin'
[1.375s] INFO:colcon.colcon_core.shell:Creating package script '/home/shriya/ros2_ws/src/2wheeldrive/install/2wheeldrive/share/2wheeldrive/package.ps1'
[1.376s] INFO:colcon.colcon_core.shell:Creating package descriptor '/home/shriya/ros2_ws/src/2wheeldrive/install/2wheeldrive/share/2wheeldrive/package.dsv'
[1.376s] INFO:colcon.colcon_core.shell:Creating package script '/home/shriya/ros2_ws/src/2wheeldrive/install/2wheeldrive/share/2wheeldrive/package.sh'
[1.377s] INFO:colcon.colcon_core.shell:Creating package script '/home/shriya/ros2_ws/src/2wheeldrive/install/2wheeldrive/share/2wheeldrive/package.bash'
[1.377s] INFO:colcon.colcon_core.shell:Creating package script '/home/shriya/ros2_ws/src/2wheeldrive/install/2wheeldrive/share/2wheeldrive/package.zsh'
[1.377s] Level 1:colcon.colcon_core.environment:create_file_with_runtime_dependencies(/home/shriya/ros2_ws/src/2wheeldrive/install/2wheeldrive/share/colcon-core/packages/2wheeldrive)
[1.377s] DEBUG:colcon.colcon_parallel_executor.executor.parallel:closing loop
[1.378s] DEBUG:colcon.colcon_parallel_executor.executor.parallel:loop closed
[1.378s] DEBUG:colcon.colcon_parallel_executor.executor.parallel:run_until_complete finished with '0'
[1.378s] DEBUG:colcon.colcon_core.event_reactor:joining thread
[1.382s] INFO:colcon.colcon_core.plugin_system:Skipping extension 'colcon_notification.desktop_notification.terminal_notifier': Not used on non-Darwin systems
[1.382s] INFO:colcon.colcon_core.plugin_system:Skipping extension 'colcon_notification.desktop_notification.win32': Not used on non-Windows systems
[1.382s] INFO:colcon.colcon_notification.desktop_notification:Sending desktop notification using 'notify2'
[1.396s] DEBUG:colcon.colcon_core.event_reactor:joined thread
[1.397s] INFO:colcon.colcon_core.shell:Creating prefix script '/home/shriya/ros2_ws/src/2wheeldrive/install/local_setup.ps1'
[1.397s] INFO:colcon.colcon_core.shell:Creating prefix util module '/home/shriya/ros2_ws/src/2wheeldrive/install/_local_setup_util_ps1.py'
[1.398s] INFO:colcon.colcon_core.shell:Creating prefix chain script '/home/shriya/ros2_ws/src/2wheeldrive/install/setup.ps1'
[1.399s] INFO:colcon.colcon_core.shell:Creating prefix script '/home/shriya/ros2_ws/src/2wheeldrive/install/local_setup.sh'
[1.399s] INFO:colcon.colcon_core.shell:Creating prefix util module '/home/shriya/ros2_ws/src/2wheeldrive/install/_local_setup_util_sh.py'
[1.399s] INFO:colcon.colcon_core.shell:Creating prefix chain script '/home/shriya/ros2_ws/src/2wheeldrive/install/setup.sh'
[1.400s] INFO:colcon.colcon_core.shell:Creating prefix script '/home/shriya/ros2_ws/src/2wheeldrive/install/local_setup.bash'
[1.400s] INFO:colcon.colcon_core.shell:Creating prefix chain script '/home/shriya/ros2_ws/src/2wheeldrive/install/setup.bash'
[1.401s] INFO:colcon.colcon_core.shell:Creating prefix script '/home/shriya/ros2_ws/src/2wheeldrive/install/local_setup.zsh'
[1.401s] INFO:colcon.colcon_core.shell:Creating prefix chain script '/home/shriya/ros2_ws/src/2wheeldrive/install/setup.zsh'
